备注：
	初始化需要把\XIVLauncher目录的dll文件移到 C:\Users\用户名\AppData\Roaming\XIVLauncher\addon\Hooks\dev\下

8/9
*  测试移动脚本[√]
1. 测试空岛钓鱼脚本稳定性[√]
1.1 空岛脚本加入循环[√]
2. 传送功能[√]
2.1 hook使用技能[取消]
3. 获取采集点位置 时间[取消]
4. 一键启动[√]

8/9 6.1更新
1. 整合生产脚本[√]

8/25
1. 大地白票/紫票自动获取
	以钓鱼为主效率最高, 
	流程: 移动指定区域钓鱼->检查背包容量->前往对应地点换取工票
	1.1 指定区域钓鱼 [√]
	1.2 背包容量测试 [√]
	1.3 换工票
	1.4 工票换道具 [√]
	1.5 所有步骤的移动
2. 普通/限时/传说点采集
	限时/传说点 与 普通点区别 [√]
3. 游戏自带指令使用 [√]
4. 循环测试 [√]
5. 用hook技能取代技能按键 [√]
6. 时间换算 [√]

9/15
1. 巧手白票/紫票获取
	生产魔晶石获取
2. 新增可采集物品 5-大蜜蜂的巢(lv.75) 6-巨人新薯(lv.87) 7-山地小麦(lv.73)
3. *虚拟机测试* [√]
4. *小号主线和各职业等级提升(长期)*

9/16 
1. 新的钓鱼脚本坐标3套 [√]

9/18 
1. 空岛采矿脚本编写 [√]
2. 空岛园艺脚本编写 [√]
3. 重复测试 [√]

9/19 优先
1. 测试click函数可行性 [√]
2. 如1可行，将按键点击全部替换成click函数 [√]

10/12
0. 鼠标点击测试 [x]
1. 艾泽尼亚时间换算 [√]
2. 限时材料采集(优先 云岛封号几率变高)
	暗物质晶簇(lv.50) [√]
	晓月灵砂(lv.90) [√]
3. 生产魔晶石获取
	收藏用愈疮木砂轮机(刻木lv.80 铸铁lv.78 雕金lv.76) [√]
	愈疮木原木(lv.80) 暗银矿(lv.80) 灵银矿(lv.53) 凝灰岩(lv.76) [√]
4. 账号洗白测试 [X]

10/13
1. 写个日常使用的通用脚本.
	限时材料采集(晓月灵砂 采集 精选) [√]
	平时生产收藏品换白票换道具 
		材料检测 
		缺少自动采集 
	限时材料到时间自动去采集 [√]

10/15
1. 练级(优先) 目标5个满级账号 4/5

10/24
1. 快速生产 [√]

11/4
1. 采集物补充 [√]
2. 灵砂获取(这周一定弄完,版本末期为数不多的值钱玩意) [√]
3. 屯魔晶石, 每个号目标起码5k以上 [X]

12/20 6.2版本更新
1. 重构生产 [√]
2. 重构钓鱼 [√]
3. 技能冷却时间测试 [√]
4. 当前区域位置获取测试 [√]
5. 生产配方获取测试
6. 天气测试
7. 采集间隔生产测试 [√]

1/29
1. 6.3版本物品调研并准备
	生产白票 - ???			兑换超级强力胶		大量
	生产紫票 - 收藏用无花果	兑换非挥发性炼金药	大量
	新传说采集点素材 (推测)
		坦桑石原石	少量需求
		朝露树皮	少量需求
		地鸣灵砂	大量需求
	钓鱼红虾
	采集魔晶石 ???

2. *自动上架物品出售(重要功能)*